
> react-typescript-starter@0.1.0 test
> react-scripts test --coverage

Browserslist: caniuse-lite is outdated. Please run:
  npx browserslist@latest --update-db
  Why you should do it regularly: https://github.com/browserslist/browserslist#browsers-data-updating
PASS src/FilterClothes.test.tsx
PASS src/StockEditor.test.tsx
PASS src/Login.test.tsx
-------------------------------|---------|----------|---------|---------|--------------------------------------------------
File                           | % Stmts | % Branch | % Funcs | % Lines | Uncovered Line #s                                
-------------------------------|---------|----------|---------|---------|--------------------------------------------------
All files                      |   23.44 |    35.92 |   12.02 |   23.44 |                                                  
 src                           |   28.57 |    41.95 |    15.7 |   28.57 |                                                  
  Admin.tsx                    |       0 |      100 |       0 |       0 | 56                                               
  App.tsx                      |     100 |      100 |     100 |     100 |                                                  
  CartDisplay.tsx              |       0 |        0 |       0 |       0 | 118-628                                          
  ClothingDisplay.tsx          |      25 |      100 |   33.33 |      25 | 58-61                                            
  ColorFilter.tsx              |     100 |      100 |     100 |     100 |                                                  
  FilterClothes.tsx            |     100 |      100 |     100 |     100 |                                                  
  Home.tsx                     |     100 |      100 |     100 |     100 |                                                  
  NavBar.tsx                   |      50 |    20.68 |   26.31 |      50 | 66-88,92-105,109,117,123-129,137-151,156-179,361 
  OrderViewer.tsx              |       0 |      100 |       0 |       0 | 10                                               
  ShirtDisplays.tsx            |     100 |      100 |     100 |     100 |                                                  
  StockEditor.tsx              |     8.1 |       50 |     8.1 |     8.1 | 97,120-457                                       
  SweatShirtDisplays.tsx       |     100 |      100 |     100 |     100 |                                                  
  cartEditor.tsx               |       0 |      100 |       0 |       0 | 103                                              
 src/ClothingComponents        |       0 |        0 |       0 |       0 |                                                  
  ShirtFiveDetail.tsx          |       0 |        0 |       0 |       0 | 18-76                                            
  ShirtFourDetail.tsx          |       0 |        0 |       0 |       0 | 18-76                                            
  ShirtOneDetail.tsx           |       0 |        0 |       0 |       0 | 18-76                                            
  ShirtSixDetail.tsx           |       0 |        0 |       0 |       0 | 18-76                                            
  ShirtThreeDetail.tsx         |       0 |        0 |       0 |       0 | 18-76                                            
  ShirtTwoDetail.tsx           |       0 |        0 |       0 |       0 | 18-76                                            
  SweatshirtFiveDetail.tsx     |       0 |        0 |       0 |       0 | 18-76                                            
  SweatshirtFourDetail.tsx     |       0 |        0 |       0 |       0 | 18-76                                            
  SweatshirtOneDetail.tsx      |       0 |        0 |       0 |       0 | 18-76                                            
  SweatshirtSixDetail.tsx      |       0 |        0 |       0 |       0 | 18-76                                            
  SweatshirtThreeDetail.tsx    |       0 |        0 |       0 |       0 | 18-76                                            
  SweatshirtTwoDetail copy.tsx |       0 |      100 |       0 |       0 | 7                                                
  SweatshirtTwoDetail.tsx      |       0 |        0 |       0 |       0 | 18-76                                            
-------------------------------|---------|----------|---------|---------|--------------------------------------------------

Test Suites: 3 passed, 3 total
Tests:       15 passed, 15 total
Snapshots:   0 total
Time:        9.31 s
Ran all test suites.
